[debug] [2017-12-06T07:34:02.950Z] ----------------------------------------------------------------------
[debug] [2017-12-06T07:34:02.967Z] Command:       C:\Program Files\nodejs\node.exe C:\Users\HP\AppData\Roaming\npm\node_modules\firebase-tools\bin\firebase serve
[debug] [2017-12-06T07:34:02.967Z] CLI Version:   3.15.3
[debug] [2017-12-06T07:34:02.967Z] Platform:      win32
[debug] [2017-12-06T07:34:02.967Z] Node Version:  v8.4.0
[debug] [2017-12-06T07:34:02.967Z] Time:          Wed Dec 06 2017 13:04:02 GMT+0530 (India Standard Time)
[debug] [2017-12-06T07:34:02.967Z] ----------------------------------------------------------------------
[debug] 
[debug] [2017-12-06T07:34:02.972Z] > command requires scopes: ["email","openid","https://www.googleapis.com/auth/cloudplatformprojects.readonly","https://www.googleapis.com/auth/firebase","https://www.googleapis.com/auth/cloud-platform"]
[debug] [2017-12-06T07:34:02.972Z] > authorizing via signed-in user
[debug] [2017-12-06T07:34:02.972Z] > refreshing access token with scopes: ["email","https://www.googleapis.com/auth/cloud-platform","https://www.googleapis.com/auth/cloudplatformprojects.readonly","https://www.googleapis.com/auth/firebase","openid"]
[debug] [2017-12-06T07:34:02.972Z] >>> HTTP REQUEST POST https://www.googleapis.com/oauth2/v3/token { refresh_token: '1/RT7vlpgmrQfyFM14vBJVHiym5vcZMEbfdeS1zytIzjc',
  client_id: '563584335869-fgrhgmd47bqnekij5i8b5pr03ho849e6.apps.googleusercontent.com',
  client_secret: 'j9iVZfS8kkCEFUPaAeJV0sAi',
  grant_type: 'refresh_token',
  scope: 'email https://www.googleapis.com/auth/cloud-platform https://www.googleapis.com/auth/cloudplatformprojects.readonly https://www.googleapis.com/auth/firebase openid' } 
 Wed Dec 06 2017 13:04:02 GMT+0530 (India Standard Time)
[debug] [2017-12-06T07:34:03.150Z] <<< HTTP RESPONSE 200
[debug] [2017-12-06T07:34:03.251Z] >>> HTTP REQUEST GET https://admin.firebase.com/v1/projects/hellodb-58627  
 Wed Dec 06 2017 13:04:03 GMT+0530 (India Standard Time)
[debug] [2017-12-06T07:34:04.336Z] <<< HTTP RESPONSE 200
[debug] [2017-12-06T07:34:04.336Z] >>> HTTP REQUEST GET https://admin.firebase.com/v1/database/hellodb-58627/tokens  
 Wed Dec 06 2017 13:04:04 GMT+0530 (India Standard Time)
[debug] [2017-12-06T07:34:06.298Z] <<< HTTP RESPONSE 200
[info] 
[info] === Serving from 'C:\Users\HP\WebstormProjects\schema_test'...
[info] 
[debug] [2017-12-06T07:34:06.298Z] >>> HTTP REQUEST GET https://cloudresourcemanager.googleapis.com/v1/projects/hellodb-58627  
 Wed Dec 06 2017 13:04:06 GMT+0530 (India Standard Time)
[debug] [2017-12-06T07:34:08.378Z] <<< HTTP RESPONSE 200
[debug] [2017-12-06T07:34:08.379Z] >>> HTTP REQUEST GET https://mobilesdk-pa.googleapis.com/v1/projects/277962002907/clients/_:getWebAppConfig  
 Wed Dec 06 2017 13:04:08 GMT+0530 (India Standard Time)
[debug] [2017-12-06T07:34:09.586Z] <<< HTTP RESPONSE 200
[info] i  hosting: Serving hosting files from: public
[info] +  hosting: Local server: http://localhost:5000

